{
  "RSpec": {
    "coverage": {
      "/Users/ikegamihiroshitou/Desktop/dev/minutes-analyzer/drive-selector/lambda/lib/lambda_invoker.rb": {
        "lines": [
          null,
          null,
          1,
          1,
          1,
          null,
          1,
          1,
          8,
          8,
          null,
          null,
          null,
          1,
          null,
          8,
          null,
          null,
          null,
          8,
          null,
          null,
          null,
          null,
          null,
          null,
          6,
          5,
          5,
          null,
          null,
          null,
          null,
          1,
          null,
          1,
          null,
          null,
          null,
          null,
          1,
          null,
          1,
          null,
          null,
          null,
          1,
          1,
          null,
          1,
          null,
          null,
          null,
          null,
          null,
          1,
          null,
          null,
          1,
          null,
          null,
          null,
          null,
          null,
          null,
          null,
          null,
          8,
          null,
          null,
          null,
          null,
          8,
          5,
          null,
          null,
          null,
          8,
          4,
          null,
          null,
          8,
          4,
          null,
          null,
          null,
          8,
          null,
          null,
          null,
          null,
          null,
          null,
          null,
          1,
          null,
          8,
          null,
          null,
          8,
          1,
          null,
          null,
          null,
          8,
          1,
          null,
          1,
          null,
          0,
          null,
          1,
          null,
          null,
          0,
          null,
          null,
          null,
          8,
          8,
          null,
          null,
          null,
          1,
          0,
          0,
          null,
          null,
          0,
          0,
          0,
          null,
          0,
          0,
          null,
          null,
          null
        ]
      }
    },
    "timestamp": 1754924018
  }
}
